  FileName.cpp
C:\Program Files\Microsoft Visual Studio\2022\Community\VC\Tools\MSVC\14.41.34120\include\filesystem(12): warning STL4038: The contents of <filesystem> are available only with C++17 or later.
C:\Users\vboxuser\source\repos\FileSystem\FileSystem\FileName.cpp(232,3): warning C4984: 'if constexpr' is a C++17 language extension
      C:\Users\vboxuser\source\repos\FileSystem\FileSystem\FileName.cpp(232,3):
      the template instantiation context (the oldest one first) is
          C:\Users\vboxuser\source\repos\FileSystem\FileSystem\FileName.cpp(99,7):
          while compiling class template 'DynamicArray'
  
C:\Users\vboxuser\source\repos\FileSystem\FileSystem\FileName.cpp(239,3): warning C4984: 'if constexpr' is a C++17 language extension
C:\Users\vboxuser\source\repos\FileSystem\FileSystem\FileName.cpp(754,12): warning C4267: 'return': conversion from 'size_t' to 'int', possible loss of data
C:\Users\vboxuser\source\repos\FileSystem\FileSystem\FileName.cpp(1122,2): warning C4984: 'if constexpr' is a C++17 language extension
C:\Users\vboxuser\source\repos\FileSystem\FileSystem\FileName.cpp(1237,27): warning C4267: 'argument': conversion from 'size_t' to 'int', possible loss of data
C:\Users\vboxuser\source\repos\FileSystem\FileSystem\FileName.cpp(1248,31): warning C4267: 'argument': conversion from 'size_t' to 'int', possible loss of data
C:\Users\vboxuser\source\repos\FileSystem\FileSystem\FileName.cpp(1255,27): warning C4101: 'e': unreferenced local variable
C:\Users\vboxuser\source\repos\FileSystem\FileSystem\FileName.cpp(1310,3): warning C4984: 'if constexpr' is a C++17 language extension
      C:\Users\vboxuser\source\repos\FileSystem\FileSystem\FileName.cpp(1310,3):
      the template instantiation context (the oldest one first) is
          C:\Users\vboxuser\source\repos\FileSystem\FileSystem\FileName.cpp(1303,7):
          while compiling class template 'HashTable'
  
C:\Users\vboxuser\source\repos\FileSystem\FileSystem\FileName.cpp(1314,8): warning C4984: 'if constexpr' is a C++17 language extension
C:\Users\vboxuser\source\repos\FileSystem\FileSystem\FileName.cpp(1980,27): warning C4101: 'e': unreferenced local variable
C:\Users\vboxuser\source\repos\FileSystem\FileSystem\FileName.cpp(2493,11): warning C4244: 'initializing': conversion from 'T' to 'int', possible loss of data
C:\Users\vboxuser\source\repos\FileSystem\FileSystem\FileName.cpp(2493,11): warning C4244:         with
C:\Users\vboxuser\source\repos\FileSystem\FileSystem\FileName.cpp(2493,11): warning C4244:         [
C:\Users\vboxuser\source\repos\FileSystem\FileSystem\FileName.cpp(2493,11): warning C4244:             T=uint64_t
C:\Users\vboxuser\source\repos\FileSystem\FileSystem\FileName.cpp(2493,11): warning C4244:         ]
C:\Users\vboxuser\source\repos\FileSystem\FileSystem\FileName.cpp(3195,23): warning C4018: '>': signed/unsigned mismatch
C:\Users\vboxuser\source\repos\FileSystem\FileSystem\FileName.cpp(106,53): warning C4267: 'initializing': conversion from 'size_t' to 'int', possible loss of data
      C:\Users\vboxuser\source\repos\FileSystem\FileSystem\FileName.cpp(106,53):
      the template instantiation context (the oldest one first) is
          C:\Users\vboxuser\source\repos\FileSystem\FileSystem\FileName.cpp(2846,21):
          see reference to class template instantiation 'DynamicArray<char>' being compiled
          C:\Users\vboxuser\source\repos\FileSystem\FileSystem\FileName.cpp(106,2):
          while compiling class template member function 'DynamicArray<char>::DynamicArray(size_t)'
              C:\Users\vboxuser\source\repos\FileSystem\FileSystem\FileName.cpp(2846,27):
              see the first reference to 'DynamicArray<char>::DynamicArray' in 'printBlockAndContent'
  
C:\Users\vboxuser\source\repos\FileSystem\FileSystem\FileName.cpp(313,17): warning C4267: '=': conversion from 'size_t' to 'int', possible loss of data
      C:\Users\vboxuser\source\repos\FileSystem\FileSystem\FileName.cpp(313,17):
      the template instantiation context (the oldest one first) is
          C:\Users\vboxuser\source\repos\FileSystem\FileSystem\FileName.cpp(2216,46):
          see reference to class template instantiation 'DynamicArray<myPair<Key,Value>>' being compiled
          with
          [
              Key=uint64_t,
              Value=StructType
          ]
          C:\Users\vboxuser\source\repos\FileSystem\FileSystem\FileName.cpp(304,5):
          while compiling class template member function 'T &DynamicArray<T>::operator [](size_t)'
          with
          [
              T=myPair<uint64_t,StructType>
          ]
              C:\Users\vboxuser\source\repos\FileSystem\FileSystem\FileName.cpp(2242,25):
              see the first reference to 'DynamicArray<myPair<Key,Value>>::operator []' in 'updateInMemoryOffsets'
          with
          [
              Key=uint64_t,
              Value=StructType
          ]
  
C:\Users\vboxuser\source\repos\FileSystem\FileSystem\FileName.cpp(403,11): warning C4267: '-=': conversion from 'size_t' to 'int', possible loss of data
      C:\Users\vboxuser\source\repos\FileSystem\FileSystem\FileName.cpp(403,11):
      the template instantiation context (the oldest one first) is
          C:\Users\vboxuser\source\repos\FileSystem\FileSystem\FileName.cpp(1145,25):
          see reference to class template instantiation 'DynamicArray<uint64_t>' being compiled
          C:\Users\vboxuser\source\repos\FileSystem\FileSystem\FileName.cpp(388,11):
          while compiling class template member function 'DynamicArray<uint64_t>::iterator DynamicArray<uint64_t>::erase(DynamicArray<uint64_t>::iterator,DynamicArray<uint64_t>::iterator)'
              C:\Users\vboxuser\source\repos\FileSystem\FileSystem\FileName.cpp(2522,29):
              see the first reference to 'DynamicArray<uint64_t>::erase' in 'allocatedContiguosBlocks'
  
C:\Users\vboxuser\source\repos\FileSystem\FileSystem\FileName.cpp(1414,10): warning C4267: 'initializing': conversion from 'size_t' to 'int', possible loss of data
      C:\Users\vboxuser\source\repos\FileSystem\FileSystem\FileName.cpp(1414,10):
      the template instantiation context (the oldest one first) is
          C:\Users\vboxuser\source\repos\FileSystem\FileSystem\FileName.cpp(2148,3):
          see reference to class template instantiation 'HashTable<uint64_t,StructType>' being compiled
          C:\Users\vboxuser\source\repos\FileSystem\FileSystem\FileName.cpp(1411,7):
          while compiling class template member function 'void HashTable<uint64_t,StructType>::InsertionSort(DynamicArray<myPair<Key,Value>> &,bool) const'
          with
          [
              Key=uint64_t,
              Value=StructType
          ]
              C:\Users\vboxuser\source\repos\FileSystem\FileSystem\FileName.cpp(1404,16):
              see the first reference to 'HashTable<uint64_t,StructType>::InsertionSort' in 'HashTable<uint64_t,StructType>::getsortedByKey'
              C:\Users\vboxuser\source\repos\FileSystem\FileSystem\FileName.cpp(2233,61):
              see the first reference to 'HashTable<uint64_t,StructType>::getsortedByKey' in 'updateInMemoryOffsets'
  
C:\Users\vboxuser\source\repos\FileSystem\FileSystem\FileName.cpp(414,11): warning C4267: 'argument': conversion from 'size_t' to 'int', possible loss of data
      C:\Users\vboxuser\source\repos\FileSystem\FileSystem\FileName.cpp(414,11):
      the template instantiation context (the oldest one first) is
          C:\Users\vboxuser\source\repos\FileSystem\FileSystem\FileName.cpp(2521,21):
          see reference to function template instantiation 'void DynamicArray<uint64_t>::assign<DynamicArray<uint64_t>::iterator>(InputIterator,InputIterator)' being compiled
          with
          [
              InputIterator=DynamicArray<uint64_t>::iterator
          ]
              C:\Users\vboxuser\source\repos\FileSystem\FileSystem\FileName.cpp(2521,27):
              see the first reference to 'DynamicArray<uint64_t>::assign' in 'allocatedContiguosBlocks'
  
C:\Users\vboxuser\source\repos\FileSystem\FileSystem\FileName.cpp(416,10): warning C4267: '=': conversion from 'size_t' to 'int', possible loss of data
C:\Users\vboxuser\source\repos\FileSystem\FileSystem\FileName.cpp(3040,1): warning C4172: returning address of local variable or temporary : errorMessage
C:\Users\vboxuser\source\repos\FileSystem\FileSystem\FileName.cpp(3046,1): warning C4172: returning address of local variable or temporary : errorMessage
C:\Users\vboxuser\source\repos\FileSystem\FileSystem\FileName.cpp(3054,1): warning C4172: returning address of local variable or temporary : errorMessage
C:\Users\vboxuser\source\repos\FileSystem\FileSystem\FileName.cpp(3071,1): warning C4172: returning address of local variable or temporary : errorMessage
C:\Users\vboxuser\source\repos\FileSystem\FileSystem\FileName.cpp(3090,1): warning C4172: returning address of local variable or temporary : errorMessage
C:\Users\vboxuser\source\repos\FileSystem\FileSystem\FileName.cpp(3249,1): warning C4172: returning address of local variable or temporary : errorMessage
C:\Users\vboxuser\source\repos\FileSystem\FileSystem\FileName.cpp(3334,1): warning C4172: returning address of local variable or temporary : errorMessage
  FileSystem.vcxproj -> C:\Users\vboxuser\source\repos\FileSystem\x64\Debug\FileSystem.exe
